2020-05-31 00:55:22
SELECT * FROM servicio where idServicio=1;
2020-05-31 00:56:18
SELECT * FROM servicio where idServicio=1;
2020-05-31 00:58:00
SELECT * FROM servicio where idServicio=1;
2020-05-31 01:02:20
SELECT * FROM servicio where idServicio=1;
2020-05-31 01:06:15
SELECT * FROM servicio where idServicio=1;
2020-05-31 01:07:43
SELECT * FROM servicio where idServicio=2;
2020-05-31 01:08:30
SELECT * FROM servicio where idServicio=3;
2020-05-31 01:08:52
SELECT * FROM servicio where idServicio=2;
2020-05-31 01:09:03
SELECT * FROM servicio where idServicio=4;
2020-05-31 01:19:44
SELECT * FROM servicio where idServicio=3;
2020-05-31 01:20:24
SELECT * FROM servicio where idServicio=2;
2020-05-31 01:21:29
SELECT * FROM servicio where idServicio=3;
2020-05-31 01:58:27
SELECT * FROM vehiculo where idVehiculo=1;
2020-05-31 01:58:27
SELECT * FROM tipodevehiculo where idTipoDeVehiculo=1;
2020-05-31 01:58:27
SELECT * FROM acercarlogistca.tipodevehiculo;
2020-05-31 01:58:39
SELECT * FROM vehiculo where idVehiculo=1;
2020-05-31 01:58:39
SELECT * FROM tipodevehiculo where idTipoDeVehiculo=1;
2020-05-31 01:58:39
SELECT * FROM acercarlogistca.tipodevehiculo;
2020-05-31 03:41:27
SELECT * FROM vehiculo where idVehiculo=1;
2020-05-31 03:41:27
SELECT * FROM tipodevehiculo where idTipoDeVehiculo=1;
2020-05-31 03:41:27
SELECT * FROM acercarlogistca.tipodevehiculo;
2020-05-31 03:42:36
SELECT * FROM vehiculo where idVehiculo=1;
2020-05-31 03:42:36
SELECT * FROM tipodevehiculo where idTipoDeVehiculo=1;
2020-05-31 03:42:37
SELECT * FROM acercarlogistca.tipodevehiculo;
2020-05-31 03:44:08
SELECT * FROM vehiculo where idVehiculo=1;
2020-05-31 03:44:08
SELECT * FROM tipodevehiculo where idTipoDeVehiculo=1;
2020-05-31 03:44:08
SELECT * FROM acercarlogistca.tipodevehiculo;
2020-05-31 03:45:23
SELECT * FROM vehiculo where idVehiculo=1;
2020-05-31 03:45:23
SELECT * FROM tipodevehiculo where idTipoDeVehiculo=1;
2020-05-31 03:45:23
SELECT * FROM acercarlogistca.tipodevehiculo;
2020-05-31 03:48:10
SELECT * FROM vehiculo where idVehiculo=1;
2020-05-31 03:48:10
SELECT * FROM tipodevehiculo where idTipoDeVehiculo=1;
2020-05-31 03:48:10
SELECT * FROM acercarlogistca.tipodevehiculo;
2020-05-31 03:48:45
SELECT * FROM vehiculo where idVehiculo=1;
2020-05-31 03:48:45
SELECT * FROM tipodevehiculo where idTipoDeVehiculo=1;
2020-05-31 03:48:45
SELECT * FROM acercarlogistca.tipodevehiculo;
2020-05-31 03:49:28
SELECT * FROM vehiculo where idVehiculo=1;
2020-05-31 03:49:28
SELECT * FROM tipodevehiculo where idTipoDeVehiculo=1;
2020-05-31 03:49:28
SELECT * FROM acercarlogistca.tipodevehiculo;
2020-05-31 03:50:42
SELECT * FROM vehiculo where idVehiculo=1;
2020-05-31 03:50:42
SELECT * FROM tipodevehiculo where idTipoDeVehiculo=1;
2020-05-31 03:50:42
SELECT * FROM acercarlogistca.tipodevehiculo;
2020-05-31 03:51:38
SELECT * FROM vehiculo where idVehiculo=2;
2020-05-31 03:51:38
SELECT * FROM tipodevehiculo where idTipoDeVehiculo=3;
2020-05-31 03:51:38
SELECT * FROM acercarlogistca.tipodevehiculo;
2020-05-31 03:51:43
SELECT * FROM vehiculo where idVehiculo=2;
2020-05-31 03:51:43
SELECT * FROM tipodevehiculo where idTipoDeVehiculo=3;
2020-05-31 03:51:43
SELECT * FROM acercarlogistca.tipodevehiculo;
2020-05-31 03:53:30
SELECT * FROM vehiculo where idVehiculo=2;
2020-05-31 03:53:30
SELECT * FROM tipodevehiculo where idTipoDeVehiculo=3;
2020-05-31 03:53:30
SELECT * FROM acercarlogistca.tipodevehiculo;
2020-05-31 03:54:22
SELECT * FROM vehiculo where idVehiculo=1;
2020-05-31 03:54:22
SELECT * FROM tipodevehiculo where idTipoDeVehiculo=1;
2020-05-31 03:54:22
SELECT * FROM acercarlogistca.tipodevehiculo;
2020-05-31 03:54:44
SELECT * FROM vehiculo where idVehiculo=1;
2020-05-31 03:54:44
SELECT * FROM tipodevehiculo where idTipoDeVehiculo=1;
2020-05-31 03:54:44
SELECT * FROM acercarlogistca.tipodevehiculo;
2020-05-31 03:55:36
SELECT * FROM vehiculo where idVehiculo=1;
2020-05-31 03:55:36
SELECT * FROM tipodevehiculo where idTipoDeVehiculo=1;
2020-05-31 03:55:36
SELECT * FROM acercarlogistca.tipodevehiculo;
2020-05-31 05:13:54
SELECT * FROM vehiculo where idVehiculo=4;
2020-05-31 05:13:54
SELECT * FROM tipodevehiculo where idTipoDeVehiculo=2;
2020-05-31 05:13:54
SELECT * FROM acercarlogistca.tipodevehiculo;
2020-05-31 05:15:18
SELECT * FROM vehiculo where idVehiculo=4;
2020-05-31 05:15:18
SELECT * FROM tipodevehiculo where idTipoDeVehiculo=2;
2020-05-31 05:15:18
SELECT * FROM acercarlogistca.tipodevehiculo;
2020-05-31 05:18:17
SELECT * FROM vehiculo where idVehiculo=2;
2020-05-31 05:18:17
SELECT * FROM tipodevehiculo where idTipoDeVehiculo=3;
2020-05-31 05:18:17
SELECT * FROM acercarlogistca.tipodevehiculo;
2020-05-31 05:19:17
SELECT * FROM vehiculo where idVehiculo=2;
2020-05-31 05:19:17
SELECT * FROM tipodevehiculo where idTipoDeVehiculo=3;
2020-05-31 05:19:17
SELECT * FROM acercarlogistca.tipodevehiculo;
2020-05-31 05:39:30
SELECT * FROM vehiculo where idVehiculo=2;
2020-05-31 05:39:30
SELECT * FROM tipodevehiculo where idTipoDeVehiculo=3;
2020-05-31 05:39:30
SELECT * FROM acercarlogistca.tipodevehiculo;
2020-05-31 05:39:43
SELECT * FROM vehiculo where idVehiculo=3;
2020-05-31 05:39:43
SELECT * FROM tipodevehiculo where idTipoDeVehiculo=3;
2020-05-31 05:39:43
SELECT * FROM acercarlogistca.tipodevehiculo;
2020-05-31 05:40:45
SELECT * FROM vehiculo where idVehiculo=4;
2020-05-31 05:40:45
SELECT * FROM tipodevehiculo where idTipoDeVehiculo=2;
2020-05-31 05:40:45
SELECT * FROM acercarlogistca.tipodevehiculo;
2020-05-31 05:53:27
SELECT * FROM vehiculo where idVehiculo=3;
2020-05-31 05:53:27
SELECT * FROM tipodevehiculo where idTipoDeVehiculo=3;
2020-05-31 05:53:27
SELECT * FROM acercarlogistca.tipodevehiculo;
2020-05-31 05:56:10
SELECT * FROM vehiculo where idVehiculo=5;
2020-05-31 05:56:10
SELECT * FROM tipodevehiculo where idTipoDeVehiculo=3;
2020-05-31 05:56:10
SELECT * FROM acercarlogistca.tipodevehiculo;
2020-05-31 05:58:34
SELECT * FROM vehiculo where idVehiculo=4;
2020-05-31 05:58:34
SELECT * FROM tipodevehiculo where idTipoDeVehiculo=2;
2020-05-31 05:58:34
SELECT * FROM acercarlogistca.tipodevehiculo;
2020-05-31 05:59:19
SELECT * FROM vehiculo where idVehiculo=2;
2020-05-31 05:59:19
SELECT * FROM tipodevehiculo where idTipoDeVehiculo=3;
2020-05-31 05:59:19
SELECT * FROM acercarlogistca.tipodevehiculo;
2020-05-31 06:02:29
SELECT * FROM vehiculo where idVehiculo=3;
2020-05-31 06:02:29
SELECT * FROM tipodevehiculo where idTipoDeVehiculo=3;
2020-05-31 06:02:29
SELECT * FROM acercarlogistca.tipodevehiculo;
2020-05-31 06:04:38
SELECT * FROM vehiculo where idVehiculo=3;
2020-05-31 06:04:38
SELECT * FROM tipodevehiculo where idTipoDeVehiculo=3;
2020-05-31 06:04:38
SELECT * FROM acercarlogistca.tipodevehiculo;
2020-05-31 06:06:45
SELECT * FROM vehiculo where idVehiculo=3;
2020-05-31 06:06:45
SELECT * FROM tipodevehiculo where idTipoDeVehiculo=3;
2020-05-31 06:06:45
SELECT * FROM acercarlogistca.tipodevehiculo;
2020-05-31 06:07:17
SELECT * FROM vehiculo where idVehiculo=1;
2020-05-31 06:07:17
SELECT * FROM tipodevehiculo where idTipoDeVehiculo=1;
2020-05-31 06:07:17
SELECT * FROM acercarlogistca.tipodevehiculo;
2020-05-31 06:07:34
SELECT * FROM vehiculo where idVehiculo=3;
2020-05-31 06:07:34
SELECT * FROM tipodevehiculo where idTipoDeVehiculo=3;
2020-05-31 06:07:34
SELECT * FROM acercarlogistca.tipodevehiculo;
2020-05-31 06:08:50
SELECT * FROM vehiculo where idVehiculo=2;
2020-05-31 06:08:50
SELECT * FROM tipodevehiculo where idTipoDeVehiculo=3;
2020-05-31 06:08:50
SELECT * FROM acercarlogistca.tipodevehiculo;
2020-05-31 06:16:59
SELECT * FROM vehiculo where idVehiculo=2;
2020-05-31 06:16:59
SELECT * FROM tipodevehiculo where idTipoDeVehiculo=3;
2020-05-31 06:16:59
SELECT * FROM acercarlogistca.tipodevehiculo;
2020-05-31 06:17:39
SELECT * FROM vehiculo where idVehiculo=2;
2020-05-31 06:17:39
SELECT * FROM tipodevehiculo where idTipoDeVehiculo=3;
2020-05-31 06:17:39
SELECT * FROM acercarlogistca.tipodevehiculo;
2020-05-31 06:22:57
SELECT * FROM vehiculo where idVehiculo=2;
2020-05-31 06:22:57
SELECT * FROM tipodevehiculo where idTipoDeVehiculo=3;
2020-05-31 06:22:57
SELECT * FROM acercarlogistca.tipodevehiculo;
2020-05-31 06:27:18
SELECT * FROM vehiculo where idVehiculo=2;
2020-05-31 06:27:18
SELECT * FROM tipodevehiculo where idTipoDeVehiculo=3;
2020-05-31 06:27:18
SELECT * FROM acercarlogistca.tipodevehiculo;
2020-05-31 06:29:43
SELECT * FROM vehiculo where idVehiculo=3;
2020-05-31 06:29:43
SELECT * FROM tipodevehiculo where idTipoDeVehiculo=3;
2020-05-31 06:29:43
SELECT * FROM acercarlogistca.tipodevehiculo;
2020-05-31 06:29:52
SELECT * FROM vehiculo where idVehiculo=1;
2020-05-31 06:29:52
SELECT * FROM tipodevehiculo where idTipoDeVehiculo=1;
2020-05-31 06:29:52
SELECT * FROM acercarlogistca.tipodevehiculo;
2020-05-31 06:32:42
SELECT * FROM vehiculo where idVehiculo=1;
2020-05-31 06:32:42
SELECT * FROM tipodevehiculo where idTipoDeVehiculo=1;
2020-05-31 06:32:43
SELECT * FROM acercarlogistca.tipodevehiculo;
